C:\Users\Santosh Kumar\source\repos\BookRepository\BookRepository\clientApp\book-repository-app\dist\out-tsc\e2e\src\app.po.js
C:\Users\Santosh Kumar\source\repos\BookRepository\BookRepository\clientApp\book-repository-app\dist\out-tsc\e2e\src\app.po.js.map
C:\Users\Santosh Kumar\source\repos\BookRepository\BookRepository\clientApp\book-repository-app\dist\out-tsc\e2e\src\app.e2e-spec.js
C:\Users\Santosh Kumar\source\repos\BookRepository\BookRepository\clientApp\book-repository-app\dist\out-tsc\e2e\src\app.e2e-spec.js.map
C:\Users\Santosh Kumar\source\repos\BookRepository\BookRepository\clientApp\book-repository-app\dist\out-tsc\src\app\app-routing.module.js
C:\Users\Santosh Kumar\source\repos\BookRepository\BookRepository\clientApp\book-repository-app\dist\out-tsc\src\app\app-routing.module.js.map
C:\Users\Santosh Kumar\source\repos\BookRepository\BookRepository\clientApp\book-repository-app\dist\out-tsc\src\app\models\book-model.js
C:\Users\Santosh Kumar\source\repos\BookRepository\BookRepository\clientApp\book-repository-app\dist\out-tsc\src\app\models\book-model.js.map
C:\Users\Santosh Kumar\source\repos\BookRepository\BookRepository\clientApp\book-repository-app\dist\out-tsc\src\app\models\book-status-model.js
C:\Users\Santosh Kumar\source\repos\BookRepository\BookRepository\clientApp\book-repository-app\dist\out-tsc\src\app\models\book-status-model.js.map
C:\Users\Santosh Kumar\source\repos\BookRepository\BookRepository\clientApp\book-repository-app\dist\out-tsc\src\app\services\book.service.js
C:\Users\Santosh Kumar\source\repos\BookRepository\BookRepository\clientApp\book-repository-app\dist\out-tsc\src\app\services\book.service.js.map
C:\Users\Santosh Kumar\source\repos\BookRepository\BookRepository\clientApp\book-repository-app\dist\out-tsc\src\app\app.component.js
C:\Users\Santosh Kumar\source\repos\BookRepository\BookRepository\clientApp\book-repository-app\dist\out-tsc\src\app\app.component.js.map
C:\Users\Santosh Kumar\source\repos\BookRepository\BookRepository\clientApp\book-repository-app\dist\out-tsc\src\app\app.module.js
C:\Users\Santosh Kumar\source\repos\BookRepository\BookRepository\clientApp\book-repository-app\dist\out-tsc\src\app\app.module.js.map
C:\Users\Santosh Kumar\source\repos\BookRepository\BookRepository\clientApp\book-repository-app\dist\out-tsc\src\environments\environment.js
C:\Users\Santosh Kumar\source\repos\BookRepository\BookRepository\clientApp\book-repository-app\dist\out-tsc\src\environments\environment.js.map
C:\Users\Santosh Kumar\source\repos\BookRepository\BookRepository\clientApp\book-repository-app\dist\out-tsc\src\main.js
C:\Users\Santosh Kumar\source\repos\BookRepository\BookRepository\clientApp\book-repository-app\dist\out-tsc\src\main.js.map
C:\Users\Santosh Kumar\source\repos\BookRepository\BookRepository\clientApp\book-repository-app\dist\out-tsc\src\polyfills.js
C:\Users\Santosh Kumar\source\repos\BookRepository\BookRepository\clientApp\book-repository-app\dist\out-tsc\src\polyfills.js.map
C:\Users\Santosh Kumar\source\repos\BookRepository\BookRepository\clientApp\book-repository-app\dist\out-tsc\src\test.js
C:\Users\Santosh Kumar\source\repos\BookRepository\BookRepository\clientApp\book-repository-app\dist\out-tsc\src\test.js.map
C:\Users\Santosh Kumar\source\repos\BookRepository\BookRepository\clientApp\book-repository-app\dist\out-tsc\src\app\app.component.spec.js
C:\Users\Santosh Kumar\source\repos\BookRepository\BookRepository\clientApp\book-repository-app\dist\out-tsc\src\app\app.component.spec.js.map
C:\Users\Santosh Kumar\source\repos\BookRepository\BookRepository\clientApp\book-repository-app\dist\out-tsc\src\app\services\book.service.spec.js
C:\Users\Santosh Kumar\source\repos\BookRepository\BookRepository\clientApp\book-repository-app\dist\out-tsc\src\app\services\book.service.spec.js.map
C:\Users\Santosh Kumar\source\repos\BookRepository\BookRepository\clientApp\book-repository-app\dist\out-tsc\src\environments\environment.prod.js
C:\Users\Santosh Kumar\source\repos\BookRepository\BookRepository\clientApp\book-repository-app\dist\out-tsc\src\environments\environment.prod.js.map
